<?xml version="1.0" encoding="UTF-8"?>
<testng-results skipped="0" failed="1" ignored="0" total="1" passed="0">
  <reporter-output>
    <line>
      <![CDATA[url:https://dev.apistrong.com/]]>
    </line>
    <line>
      <![CDATA[browserName:chrome]]>
    </line>
    <line>
      <![CDATA[driverAgent:chromedriver]]>
    </line>
    <line>
      <![CDATA[executionEnvironment:local]]>
    </line>
    <line>
      <![CDATA[browserStackUserName:null]]>
    </line>
    <line>
      <![CDATA[browserStackAuthKey:null]]>
    </line>
    <line>
      <![CDATA[browserStackBrowserVersion:null]]>
    </line>
    <line>
      <![CDATA[browserStackOSVersion:null]]>
    </line>
    <line>
      <![CDATA[os:null]]>
    </line>
    <line>
      <![CDATA[outputPath:output]]>
    </line>
    <line>
      <![CDATA[Finding element using: id:btnCreateTest]]>
    </line>
    <line>
      <![CDATA[Finding element, try0 with locator:id:btnCreateTest]]>
    </line>
    <line>
      <![CDATA[Finding element using: id:Create_a_basic_request]]>
    </line>
    <line>
      <![CDATA[Finding element, try0 with locator:id:Create_a_basic_request]]>
    </line>
    <line>
      <![CDATA[Finding element using: id:urlText]]>
    </line>
    <line>
      <![CDATA[Finding element, try0 with locator:id:urlText]]>
    </line>
    <line>
      <![CDATA[Finding element using: id:save-api]]>
    </line>
    <line>
      <![CDATA[Finding element, try0 with locator:id:save-api]]>
    </line>
    <line>
      <![CDATA[Finding element using: id:apiName]]>
    </line>
    <line>
      <![CDATA[Finding element, try0 with locator:id:apiName]]>
    </line>
    <line>
      <![CDATA[Finding element using: id:TestsMenu]]>
    </line>
    <line>
      <![CDATA[Finding element, try0 with locator:id:TestsMenu]]>
    </line>
    <line>
      <![CDATA[Finding element using: id:txtSearch]]>
    </line>
    <line>
      <![CDATA[Finding element, try0 with locator:id:txtSearch]]>
    </line>
    <line>
      <![CDATA[Finding element using: xpath://i[@class='http-method-tag' and text()='GET']]]>
    </line>
    <line>
      <![CDATA[Finding element, try0 with locator:xpath://i[@class='http-method-tag' and text()='GET']]]>
    </line>
    <line>
      <![CDATA[Finding element using: id:run-api]]>
    </line>
    <line>
      <![CDATA[Finding element, try0 with locator:id:run-api]]>
    </line>
    <line>
      <![CDATA[Finding element using: xpath://a[text()='Home']]]>
    </line>
    <line>
      <![CDATA[Finding element, try0 with locator:xpath://a[text()='Home']]]>
    </line>
    <line>
      <![CDATA[Finding element using: xpath://span[@title='200']]]>
    </line>
    <line>
      <![CDATA[Finding element, try0 with locator:xpath://span[@title='200']]]>
    </line>
    <line>
      <![CDATA[Finding element using: xpath//a[@title=' ']]]>
    </line>
    <line>
      <![CDATA[Finding element using: xpath//a[@title=' ']]]>
    </line>
    <line>
      <![CDATA[Finding element using: xpath//a[@title=' ']]]>
    </line>
    <line>
      <![CDATA[Finding element using: xpath//a[@title=' ']]]>
    </line>
    <line>
      <![CDATA[Finding element using: xpath//a[@title=' ']]]>
    </line>
    <line>
      <![CDATA[Closing the Browser Successfully]]>
    </line>
    <line>
      <![CDATA[Closing the Browser Successfully]]>
    </line>
  </reporter-output>
  <suite name="Default suite" duration-ms="38190" started-at="2020-11-25T14:37:27Z" finished-at="2020-11-25T14:38:05Z">
    <groups>
    </groups>
    <test name="Default test" duration-ms="38190" started-at="2020-11-25T14:37:27Z" finished-at="2020-11-25T14:38:05Z">
      <class name="com.db.Regression.NewAPITest">
        <test-method status="PASS" signature="cleanUp()[pri:0, instance:com.db.Regression.NewAPITest@3b94d659]" name="cleanUp" is-config="true" duration-ms="10" started-at="2020-11-25T20:07:27Z" finished-at="2020-11-25T20:07:27Z">
          <reporter-output>
          </reporter-output>
        </test-method> <!-- cleanUp -->
        <test-method status="PASS" signature="setUp(org.testng.ITestContext)[pri:0, instance:com.db.Regression.NewAPITest@3b94d659]" name="setUp" is-config="true" duration-ms="5041" started-at="2020-11-25T20:07:27Z" finished-at="2020-11-25T20:07:32Z">
          <params>
            <param index="0">
              <value>
                <![CDATA[org.testng.TestRunner@3a6f2de3]]>
              </value>
            </param>
          </params>
          <reporter-output>
          </reporter-output>
        </test-method> <!-- setUp -->
        <test-method status="PASS" signature="setUp()[pri:0, instance:com.db.Regression.NewAPITest@3b94d659]" name="setUp" is-config="true" duration-ms="10" started-at="2020-11-25T20:07:32Z" finished-at="2020-11-25T20:07:32Z">
          <reporter-output>
            <line>
              <![CDATA[url:https://dev.apistrong.com/]]>
            </line>
            <line>
              <![CDATA[browserName:chrome]]>
            </line>
            <line>
              <![CDATA[driverAgent:chromedriver]]>
            </line>
            <line>
              <![CDATA[executionEnvironment:local]]>
            </line>
            <line>
              <![CDATA[browserStackUserName:null]]>
            </line>
            <line>
              <![CDATA[browserStackAuthKey:null]]>
            </line>
            <line>
              <![CDATA[browserStackBrowserVersion:null]]>
            </line>
            <line>
              <![CDATA[browserStackOSVersion:null]]>
            </line>
            <line>
              <![CDATA[os:null]]>
            </line>
            <line>
              <![CDATA[outputPath:output]]>
            </line>
          </reporter-output>
        </test-method> <!-- setUp -->
        <test-method status="FAIL" signature="NewAPITest()[pri:0, instance:com.db.Regression.NewAPITest@3b94d659]" name="NewAPITest" duration-ms="33113" started-at="2020-11-25T20:07:32Z" finished-at="2020-11-25T20:08:05Z">
          <exception class="java.lang.Exception">
            <message>
              <![CDATA[Failed to click element, Locator: xpath//a[@title=' ']]]>
            </message>
            <full-stacktrace>
              <![CDATA[java.lang.Exception: Failed to click element, Locator: xpath//a[@title=' ']at com.ttaf.Library.AppLibrary.clickElement(AppLibrary.java:424)at com.ttaf.PageObject.NewAPIPage.DeleteApi(NewAPIPage.java:155)at com.db.Regression.NewAPITest.NewAPITest(NewAPITest.java:28)at sun.reflect.NativeMethodAccessorImpl.invoke0(Native Method)at sun.reflect.NativeMethodAccessorImpl.invoke(NativeMethodAccessorImpl.java:62)at sun.reflect.DelegatingMethodAccessorImpl.invoke(DelegatingMethodAccessorImpl.java:43)at java.lang.reflect.Method.invoke(Method.java:498)at org.testng.internal.MethodInvocationHelper.invokeMethod(MethodInvocationHelper.java:124)at org.testng.internal.Invoker.invokeMethod(Invoker.java:571)at org.testng.internal.Invoker.invokeTestMethod(Invoker.java:707)at org.testng.internal.Invoker.invokeTestMethods(Invoker.java:979)at org.testng.internal.TestMethodWorker.invokeTestMethods(TestMethodWorker.java:125)at org.testng.internal.TestMethodWorker.run(TestMethodWorker.java:109)at org.testng.TestRunner.privateRun(TestRunner.java:648)at org.testng.TestRunner.run(TestRunner.java:505)at org.testng.SuiteRunner.runTest(SuiteRunner.java:455)at org.testng.SuiteRunner.runSequentially(SuiteRunner.java:450)at org.testng.SuiteRunner.privateRun(SuiteRunner.java:415)at org.testng.SuiteRunner.run(SuiteRunner.java:364)at org.testng.SuiteRunnerWorker.runSuite(SuiteRunnerWorker.java:52)at org.testng.SuiteRunnerWorker.run(SuiteRunnerWorker.java:84)at org.testng.TestNG.runSuitesSequentially(TestNG.java:1187)at org.testng.TestNG.runSuitesLocally(TestNG.java:1116)at org.testng.TestNG.runSuites(TestNG.java:1028)at org.testng.TestNG.run(TestNG.java:996)at org.testng.remote.AbstractRemoteTestNG.run(AbstractRemoteTestNG.java:115)at org.testng.remote.RemoteTestNG.initAndRun(RemoteTestNG.java:251)at org.testng.remote.RemoteTestNG.main(RemoteTestNG.java:77)]]>
            </full-stacktrace>
          </exception> <!-- java.lang.Exception -->
          <reporter-output>
            <line>
              <![CDATA[Finding element using: id:btnCreateTest]]>
            </line>
            <line>
              <![CDATA[Finding element, try0 with locator:id:btnCreateTest]]>
            </line>
            <line>
              <![CDATA[Finding element using: id:Create_a_basic_request]]>
            </line>
            <line>
              <![CDATA[Finding element, try0 with locator:id:Create_a_basic_request]]>
            </line>
            <line>
              <![CDATA[Finding element using: id:urlText]]>
            </line>
            <line>
              <![CDATA[Finding element, try0 with locator:id:urlText]]>
            </line>
            <line>
              <![CDATA[Finding element using: id:save-api]]>
            </line>
            <line>
              <![CDATA[Finding element, try0 with locator:id:save-api]]>
            </line>
            <line>
              <![CDATA[Finding element using: id:apiName]]>
            </line>
            <line>
              <![CDATA[Finding element, try0 with locator:id:apiName]]>
            </line>
            <line>
              <![CDATA[Finding element using: id:TestsMenu]]>
            </line>
            <line>
              <![CDATA[Finding element, try0 with locator:id:TestsMenu]]>
            </line>
            <line>
              <![CDATA[Finding element using: id:txtSearch]]>
            </line>
            <line>
              <![CDATA[Finding element, try0 with locator:id:txtSearch]]>
            </line>
            <line>
              <![CDATA[Finding element using: xpath://i[@class='http-method-tag' and text()='GET']]]>
            </line>
            <line>
              <![CDATA[Finding element, try0 with locator:xpath://i[@class='http-method-tag' and text()='GET']]]>
            </line>
            <line>
              <![CDATA[Finding element using: id:run-api]]>
            </line>
            <line>
              <![CDATA[Finding element, try0 with locator:id:run-api]]>
            </line>
            <line>
              <![CDATA[Finding element using: xpath://a[text()='Home']]]>
            </line>
            <line>
              <![CDATA[Finding element, try0 with locator:xpath://a[text()='Home']]]>
            </line>
            <line>
              <![CDATA[Finding element using: xpath://span[@title='200']]]>
            </line>
            <line>
              <![CDATA[Finding element, try0 with locator:xpath://span[@title='200']]]>
            </line>
            <line>
              <![CDATA[Finding element using: xpath//a[@title=' ']]]>
            </line>
            <line>
              <![CDATA[Finding element using: xpath//a[@title=' ']]]>
            </line>
            <line>
              <![CDATA[Finding element using: xpath//a[@title=' ']]]>
            </line>
            <line>
              <![CDATA[Finding element using: xpath//a[@title=' ']]]>
            </line>
            <line>
              <![CDATA[Finding element using: xpath//a[@title=' ']]]>
            </line>
          </reporter-output>
        </test-method> <!-- NewAPITest -->
        <test-method status="PASS" signature="quitBrowser()[pri:0, instance:com.db.Regression.NewAPITest@3b94d659]" name="quitBrowser" is-config="true" duration-ms="1" started-at="2020-11-25T20:08:05Z" finished-at="2020-11-25T20:08:05Z">
          <reporter-output>
            <line>
              <![CDATA[Closing the Browser Successfully]]>
            </line>
          </reporter-output>
        </test-method> <!-- quitBrowser -->
        <test-method status="PASS" signature="quitBrowser()[pri:0, instance:com.db.Regression.NewAPITest@3b94d659]" name="quitBrowser" is-config="true" duration-ms="0" started-at="2020-11-25T20:08:05Z" finished-at="2020-11-25T20:08:05Z">
          <reporter-output>
            <line>
              <![CDATA[Closing the Browser Successfully]]>
            </line>
          </reporter-output>
        </test-method> <!-- quitBrowser -->
      </class> <!-- com.db.Regression.NewAPITest -->
    </test> <!-- Default test -->
  </suite> <!-- Default suite -->
</testng-results>
